2018-09-27T02:05:28.973945Z 0 [Warning] TIMESTAMP with implicit DEFAULT value is deprecated. Please use --explicit_defaults_for_timestamp server option (see documentation for more details).
2018-09-27T02:05:28.975095Z 0 [Note] /usr/sbin/mysqld (mysqld 5.7.23) starting as process 30 ...
2018-09-27T02:05:29.012765Z 0 [Note] InnoDB: PUNCH HOLE support available
2018-09-27T02:05:29.014276Z 0 [Note] InnoDB: Mutexes and rw_locks use GCC atomic builtins
2018-09-27T02:05:29.014989Z 0 [Note] InnoDB: Uses event mutexes
2018-09-27T02:05:29.015524Z 0 [Note] InnoDB: GCC builtin __atomic_thread_fence() is used for memory barrier
2018-09-27T02:05:29.015893Z 0 [Note] InnoDB: Compressed tables use zlib 1.2.3
2018-09-27T02:05:29.016088Z 0 [Note] InnoDB: Using Linux native AIO
2018-09-27T02:05:29.019345Z 0 [Note] InnoDB: Number of pools: 1
2018-09-27T02:05:29.019998Z 0 [Note] InnoDB: Using CPU crc32 instructions
2018-09-27T02:05:29.047055Z 0 [Note] InnoDB: Initializing buffer pool, total size = 32M, instances = 1, chunk size = 32M
2018-09-27T02:05:29.069967Z 0 [Note] InnoDB: Completed initialization of buffer pool
2018-09-27T02:05:29.106797Z 0 [Note] InnoDB: If the mysqld execution user is authorized, page cleaner thread priority can be changed. See the man page of setpriority().
2018-09-27T02:05:29.139501Z 0 [Note] InnoDB: Highest supported file format is Barracuda.
2018-09-27T02:05:29.143693Z 0 [Note] InnoDB: Log scan progressed past the checkpoint lsn 2588963
2018-09-27T02:05:29.152842Z 0 [Note] InnoDB: Doing recovery: scanned up to log sequence number 2591784
2018-09-27T02:05:29.155097Z 0 [Note] InnoDB: Database was not shutdown normally!
2018-09-27T02:05:29.155808Z 0 [Note] InnoDB: Starting crash recovery.
2018-09-27T02:05:30.449206Z 0 [Note] InnoDB: Starting an apply batch of log records to the database...
InnoDB: Progress in percent: 16 17 18 19 20 21 22 23 24 25 26 27 28 29 30 31 32 33 34 35 36 37 38 39 40 41 42 43 44 45 46 47 48 49 50 51 52 53 54 55 56 57 58 59 60 61 62 63 64 65 66 67 68 69 70 71 72 73 74 75 76 77 78 79 80 81 82 83 84 85 86 87 88 89 90 91 92 93 94 95 96 97 98 99 
2018-09-27T02:05:31.093538Z 0 [Note] InnoDB: Apply batch completed
2018-09-27T02:05:31.220176Z 0 [Note] InnoDB: Removed temporary tablespace data file: "ibtmp1"
2018-09-27T02:05:31.231858Z 0 [Note] InnoDB: Creating shared tablespace for temporary tables
2018-09-27T02:05:31.233346Z 0 [Note] InnoDB: Setting file './ibtmp1' size to 12 MB. Physically writing the file full; Please wait ...
2018-09-27T02:05:31.738611Z 0 [Note] InnoDB: File './ibtmp1' size is now 12 MB.
2018-09-27T02:05:31.884841Z 0 [Note] InnoDB: 96 redo rollback segment(s) found. 96 redo rollback segment(s) are active.
2018-09-27T02:05:31.896148Z 0 [Note] InnoDB: 32 non-redo rollback segment(s) are active.
2018-09-27T02:05:31.899404Z 0 [Note] InnoDB: Waiting for purge to start
2018-09-27T02:05:31.966133Z 0 [Note] InnoDB: 5.7.23 started; log sequence number 2591784
2018-09-27T02:05:32.137507Z 0 [Note] InnoDB: Loading buffer pool(s) from /var/lib/mysql/ib_buffer_pool
2018-09-27T02:05:32.179758Z 0 [Note] Plugin 'FEDERATED' is disabled.
2018-09-27T02:05:32.185003Z 0 [Note] InnoDB: Buffer pool(s) load completed at 180927  2:05:32
2018-09-27T02:05:32.284854Z 0 [Warning] Failed to set up SSL because of the following SSL library error: SSL context is not usable without certificate and private key
2018-09-27T02:05:32.285428Z 0 [Note] Server hostname (bind-address): '*'; port: 3306
2018-09-27T02:05:32.292768Z 0 [Note] IPv6 is available.
2018-09-27T02:05:32.329221Z 0 [Note]   - '::' resolves to '::';
2018-09-27T02:05:32.331377Z 0 [Note] Server socket created on IP: '::'.
2018-09-27T02:05:32.415775Z 0 [Warning] Insecure configuration for --pid-file: Location '/var/run/mysqld' in the path is accessible to all OS users. Consider choosing a different directory.
2018-09-27T02:05:32.822310Z 0 [ERROR] /usr/sbin/mysqld: Table './mysql/user' is marked as crashed and should be repaired
2018-09-27T02:05:32.823305Z 0 [Warning] Checking table:   './mysql/user'
2018-09-27T02:05:32.835869Z 0 [ERROR] 1 client is using or hasn't closed the table properly
2018-09-27T02:05:32.847473Z 0 [Warning] 'user' entry 'root@localhost' ignored in --skip-name-resolve mode.
2018-09-27T02:05:32.847746Z 0 [Warning] 'user' entry 'mysql.session@localhost' ignored in --skip-name-resolve mode.
2018-09-27T02:05:32.872121Z 0 [Warning] 'user' entry 'mysql.sys@localhost' ignored in --skip-name-resolve mode.
2018-09-27T02:05:32.883504Z 0 [Warning] 'db' entry 'performance_schema mysql.session@localhost' ignored in --skip-name-resolve mode.
2018-09-27T02:05:32.883872Z 0 [Warning] 'db' entry 'sys mysql.sys@localhost' ignored in --skip-name-resolve mode.
2018-09-27T02:05:32.884200Z 0 [Warning] 'proxies_priv' entry '@ root@localhost' ignored in --skip-name-resolve mode.
2018-09-27T02:05:33.031844Z 0 [Warning] 'tables_priv' entry 'user mysql.session@localhost' ignored in --skip-name-resolve mode.
2018-09-27T02:05:33.091024Z 0 [Warning] 'tables_priv' entry 'sys_config mysql.sys@localhost' ignored in --skip-name-resolve mode.
2018-09-27T02:05:33.665031Z 0 [Note] Event Scheduler: Loaded 0 events
2018-09-27T02:05:33.671748Z 0 [Note] /usr/sbin/mysqld: ready for connections.
Version: '5.7.23'  socket: '/var/run/mysqld/mysqld.sock'  port: 3306  MySQL Community Server (GPL)
2018-09-27T02:08:36.800851Z 4 [ERROR] /usr/sbin/mysqld: Table './mysql/proc' is marked as crashed and should be repaired
2018-09-27T02:08:36.802745Z 4 [Warning] Checking table:   './mysql/proc'
2018-09-27T02:08:36.829422Z 6 [Warning] 'user' entry 'root@localhost' ignored in --skip-name-resolve mode.
2018-09-27T02:08:36.829756Z 6 [Warning] 'user' entry 'mysql.session@localhost' ignored in --skip-name-resolve mode.
2018-09-27T02:08:36.829921Z 6 [Warning] 'user' entry 'mysql.sys@localhost' ignored in --skip-name-resolve mode.
2018-09-27T02:08:36.830121Z 6 [Warning] 'db' entry 'performance_schema mysql.session@localhost' ignored in --skip-name-resolve mode.
2018-09-27T02:08:36.830330Z 6 [Warning] 'db' entry 'sys mysql.sys@localhost' ignored in --skip-name-resolve mode.
2018-09-27T02:08:36.830554Z 6 [Warning] 'proxies_priv' entry '@ root@localhost' ignored in --skip-name-resolve mode.
2018-09-27T02:08:36.831298Z 6 [Warning] 'tables_priv' entry 'user mysql.session@localhost' ignored in --skip-name-resolve mode.
2018-09-27T02:08:36.831506Z 6 [Warning] 'tables_priv' entry 'sys_config mysql.sys@localhost' ignored in --skip-name-resolve mode.
2018-09-28T01:32:43.942802Z 0 [Note] InnoDB: page_cleaner: 1000ms intended loop took 75342740ms. The settings might not be optimal. (flushed=0 and evicted=0, during the time.)
2018-09-28T03:58:24.589571Z 0 [Note] Giving 0 client threads a chance to die gracefully
2018-09-28T03:58:24.589960Z 0 [Note] Shutting down slave threads
2018-09-28T03:58:24.590202Z 0 [Note] Forcefully disconnecting 0 remaining clients
2018-09-28T03:58:24.590790Z 0 [Note] Event Scheduler: Purging the queue. 0 events
2018-09-28T03:58:24.594794Z 0 [Note] Binlog end
2018-09-28T03:58:24.605777Z 0 [Note] Shutting down plugin 'ngram'
2018-09-28T03:58:24.778130Z 0 [Note] Shutting down plugin 'partition'
2018-09-28T03:58:24.780448Z 0 [Note] Shutting down plugin 'BLACKHOLE'
2018-09-28T03:58:24.780665Z 0 [Note] Shutting down plugin 'ARCHIVE'
2018-09-28T03:58:25.369779Z 0 [Note] Shutting down plugin 'PERFORMANCE_SCHEMA'
2018-09-28T03:58:25.603885Z 0 [Note] Shutting down plugin 'MRG_MYISAM'
2018-09-28T03:58:25.604575Z 0 [Note] Shutting down plugin 'MyISAM'
2018-09-28T03:58:25.604987Z 0 [Note] Shutting down plugin 'INNODB_SYS_VIRTUAL'
2018-09-28T03:58:25.605515Z 0 [Note] Shutting down plugin 'INNODB_SYS_DATAFILES'
2018-09-28T03:58:25.605626Z 0 [Note] Shutting down plugin 'INNODB_SYS_TABLESPACES'
2018-09-28T03:58:25.605897Z 0 [Note] Shutting down plugin 'INNODB_SYS_FOREIGN_COLS'
2018-09-28T03:58:25.606127Z 0 [Note] Shutting down plugin 'INNODB_SYS_FOREIGN'
2018-09-28T03:58:25.606472Z 0 [Note] Shutting down plugin 'INNODB_SYS_FIELDS'
2018-09-28T03:58:25.606644Z 0 [Note] Shutting down plugin 'INNODB_SYS_COLUMNS'
2018-09-28T03:58:25.607200Z 0 [Note] Shutting down plugin 'INNODB_SYS_INDEXES'
2018-09-28T03:58:25.607339Z 0 [Note] Shutting down plugin 'INNODB_SYS_TABLESTATS'
2018-09-28T03:58:25.607563Z 0 [Note] Shutting down plugin 'INNODB_SYS_TABLES'
2018-09-28T03:58:25.607803Z 0 [Note] Shutting down plugin 'INNODB_FT_INDEX_TABLE'
2018-09-28T03:58:25.608440Z 0 [Note] Shutting down plugin 'INNODB_FT_INDEX_CACHE'
2018-09-28T03:58:25.608556Z 0 [Note] Shutting down plugin 'INNODB_FT_CONFIG'
2018-09-28T03:58:25.608668Z 0 [Note] Shutting down plugin 'INNODB_FT_BEING_DELETED'
2018-09-28T03:58:25.608893Z 0 [Note] Shutting down plugin 'INNODB_FT_DELETED'
2018-09-28T03:58:25.609096Z 0 [Note] Shutting down plugin 'INNODB_FT_DEFAULT_STOPWORD'
2018-09-28T03:58:25.609645Z 0 [Note] Shutting down plugin 'INNODB_METRICS'
2018-09-28T03:58:25.609772Z 0 [Note] Shutting down plugin 'INNODB_TEMP_TABLE_INFO'
2018-09-28T03:58:25.609998Z 0 [Note] Shutting down plugin 'INNODB_BUFFER_POOL_STATS'
2018-09-28T03:58:25.610665Z 0 [Note] Shutting down plugin 'INNODB_BUFFER_PAGE_LRU'
2018-09-28T03:58:25.610836Z 0 [Note] Shutting down plugin 'INNODB_BUFFER_PAGE'
2018-09-28T03:58:25.610973Z 0 [Note] Shutting down plugin 'INNODB_CMP_PER_INDEX_RESET'
2018-09-28T03:58:25.611282Z 0 [Note] Shutting down plugin 'INNODB_CMP_PER_INDEX'
2018-09-28T03:58:25.611424Z 0 [Note] Shutting down plugin 'INNODB_CMPMEM_RESET'
2018-09-28T03:58:25.611818Z 0 [Note] Shutting down plugin 'INNODB_CMPMEM'
2018-09-28T03:58:25.611971Z 0 [Note] Shutting down plugin 'INNODB_CMP_RESET'
2018-09-28T03:58:25.612229Z 0 [Note] Shutting down plugin 'INNODB_CMP'
2018-09-28T03:58:25.612594Z 0 [Note] Shutting down plugin 'INNODB_LOCK_WAITS'
2018-09-28T03:58:25.612749Z 0 [Note] Shutting down plugin 'INNODB_LOCKS'
2018-09-28T03:58:25.612929Z 0 [Note] Shutting down plugin 'INNODB_TRX'
2018-09-28T03:58:25.613214Z 0 [Note] Shutting down plugin 'InnoDB'
2018-09-28T03:58:25.613414Z 0 [Note] InnoDB: FTS optimize thread exiting.
2018-09-28T03:58:25.614129Z 0 [Note] InnoDB: Starting shutdown...
2018-09-28T03:58:25.714743Z 0 [Note] InnoDB: Dumping buffer pool(s) to /var/lib/mysql/ib_buffer_pool
2018-09-28T03:58:25.720751Z 0 [Note] InnoDB: Buffer pool(s) dump completed at 180928  3:58:25
2018-09-28T03:58:27.842153Z 0 [Note] InnoDB: Shutdown completed; log sequence number 4119503
2018-09-28T03:58:27.843085Z 0 [Note] InnoDB: Removed temporary tablespace data file: "ibtmp1"
2018-09-28T03:58:27.843302Z 0 [Note] Shutting down plugin 'MEMORY'
2018-09-28T03:58:27.843426Z 0 [Note] Shutting down plugin 'CSV'
2018-09-28T03:58:27.843561Z 0 [Note] Shutting down plugin 'sha256_password'
2018-09-28T03:58:27.843675Z 0 [Note] Shutting down plugin 'mysql_native_password'
2018-09-28T03:58:27.843923Z 0 [Note] Shutting down plugin 'binlog'
2018-09-28T03:58:27.844710Z 0 [Note] /usr/sbin/mysqld: Shutdown complete

